<?xml version="1.0" encoding="UTF-8"?>
<testsuite xmlns:xsi="http://www.w3.org/2001/XMLSchema-instance" xsi:noNamespaceSchemaLocation="https://maven.apache.org/surefire/maven-surefire-plugin/xsd/surefire-test-report.xsd" version="3.0.2" name="day7.LogAnalyzerTest" time="2.681" tests="12" errors="0" skipped="0" failures="0">
  <properties>
[...]
</properties>
  <testcase name="exec001" classname="day7.LogAnalyzerTest" time="0.052"/>
  <testcase name="exec002" classname="day7.LogAnalyzerTest" time="0.022"/>
  <testcase name="exec003" classname="day7.LogAnalyzerTest" time="0.017">
    <system-out><![CDATA[Analysis complete. Summary written to summary.txt
]]></system-out>
  </testcase>
  <testcase name="exec004" classname="day7.LogAnalyzerTest" time="0.005"/>
  <testcase name="exec005" classname="day7.LogAnalyzerTest" time="0.045"/>
  <testcase name="exec006" classname="day7.LogAnalyzerTest" time="0.005"/>
  <testcase name="exec007" classname="day7.LogAnalyzerTest" time="0.0"/>
  <testcase name="exec008" classname="day7.LogAnalyzerTest" time="0.012"/>
  <testcase name="exec009" classname="day7.LogAnalyzerTest" time="0.006">
    <system-out><![CDATA[Analysis complete. Summary written to summary.txt
]]></system-out>
  </testcase>
  <testcase name="exec010" classname="day7.LogAnalyzerTest" time="0.005">
    <system-out><![CDATA[Analysis complete. Summary written to summary.txt
]]></system-out>
  </testcase>
  <testcase name="exec011" classname="day7.LogAnalyzerTest" time="2.307">
    <system-err><![CDATA[WARNING: A Java agent has been loaded dynamically (C:\Users\JedidiahKyleJulian\.m2\repository\net\bytebuddy\byte-buddy-agent\1.14.15\byte-buddy-agent-1.14.15.jar)
WARNING: If a serviceability tool is in use, please run with -XX:+EnableDynamicAgentLoading to hide this warning
WARNING: If a serviceability tool is not in use, please run with -Djdk.instrument.traceUsage for more information
WARNING: Dynamic loading of agents will be disallowed by default in a future release
]]></system-err>
  </testcase>
  <testcase name="exec012" classname="day7.LogAnalyzerTest" time="0.137"/>
</testsuite>