<?xml version="1.0" encoding="UTF-8"?>
<testsuite xmlns:xsi="http://www.w3.org/2001/XMLSchema-instance" xsi:noNamespaceSchemaLocation="https://maven.apache.org/surefire/maven-surefire-plugin/xsd/surefire-test-report.xsd" version="3.0.2" name="day9.org.eclipse.jakarta.backingbean.ReportListBeanTest" time="0.166" tests="10" errors="0" skipped="0" failures="0">
  <properties>
[...]
</properties>
  <testcase name="testSetSelectedReport" classname="day9.org.eclipse.jakarta.backingbean.ReportListBeanTest" time="0.005"/>
  <testcase name="testInit" classname="day9.org.eclipse.jakarta.backingbean.ReportListBeanTest" time="0.048"/>
  <testcase name="testRead" classname="day9.org.eclipse.jakarta.backingbean.ReportListBeanTest" time="0.005"/>
  <testcase name="testPrepareUpdate" classname="day9.org.eclipse.jakarta.backingbean.ReportListBeanTest" time="0.004"/>
  <testcase name="testSetReports" classname="day9.org.eclipse.jakarta.backingbean.ReportListBeanTest" time="0.004"/>
  <testcase name="testPrepareUpdateMissingReport" classname="day9.org.eclipse.jakarta.backingbean.ReportListBeanTest" time="0.006"/>
  <testcase name="testUpdateMissingSelection" classname="day9.org.eclipse.jakarta.backingbean.ReportListBeanTest" time="0.004"/>
  <testcase name="testDelete" classname="day9.org.eclipse.jakarta.backingbean.ReportListBeanTest" time="0.024"/>
  <testcase name="testUpdate" classname="day9.org.eclipse.jakarta.backingbean.ReportListBeanTest" time="0.002"/>
  <testcase name="testReadMissingReport" classname="day9.org.eclipse.jakarta.backingbean.ReportListBeanTest" time="0.002"/>
</testsuite>